<?xml version="1.0" encoding="UTF-8"?>
<robot generator="Robot 6.1.1 (Python 3.11.5 on win32)" generated="20231027 17:28:51.725" rpa="true" schemaversion="4">
<suite id="s1" name="Tasks" source="C:\Users\AW-Tester\Desktop\Att\Tasks">
<suite id="s1-s1" name="Milano" source="C:\Users\AW-Tester\Desktop\Att\Tasks\Milano.robot">
<test id="s1-s1-t1" name="loop" line="14">
<kw name="Set Selenium Speed" library="SeleniumLibrary">
<arg>1sec</arg>
<doc>Sets the delay that is waited after each Selenium command.</doc>
<status status="PASS" starttime="20231027 17:28:52.464" endtime="20231027 17:28:52.464"/>
</kw>
<kw name="Open Browser To Login Page">
<kw name="Open Browser" library="SeleniumLibrary">
<arg>${LOGIN URL}</arg>
<arg>${BROWSER}</arg>
<doc>Opens a new browser instance to the optional ``url``.</doc>
<msg timestamp="20231027 17:28:52.464" level="INFO">Opening browser 'Chrome' to base url 'https://www.ltmyperfume.click/chanel-paris?fbclid=IwAR1HVBa46R7NiQL2XNpuv93HNLIoCSqaFo8cZC5vlhWo2HBTBEEbWgMrpaI'.</msg>
<msg timestamp="20231027 17:28:53.570" level="WARN">The chromedriver version (117.0.5938.62) detected in PATH at C:\Users\AW-Tester\AppData\Local\Programs\Python\Python311\Scripts\chromedriver.exe might not be compatible with the detected chrome version (118.0.5993.118); currently, chromedriver 118.0.5993.70 is recommended for chrome 118.*, so it is advised to delete the driver in PATH and retry</msg>
<status status="PASS" starttime="20231027 17:28:52.464" endtime="20231027 17:28:57.028"/>
</kw>
<status status="PASS" starttime="20231027 17:28:52.464" endtime="20231027 17:28:57.028"/>
</kw>
<kw name="Set Window Size" library="SeleniumLibrary">
<arg>390</arg>
<arg>844</arg>
<doc>Sets current windows size to given ``width`` and ``height``.</doc>
<status status="PASS" starttime="20231027 17:28:57.029" endtime="20231027 17:28:59.906"/>
</kw>
<while condition="True">
<iter>
<kw name="Country" library="FakerLibrary">
<var>${country}</var>
<msg timestamp="20231027 17:28:59.907" level="INFO">${country} = Japan</msg>
<status status="PASS" starttime="20231027 17:28:59.907" endtime="20231027 17:28:59.907"/>
</kw>
<kw name="Name" library="FakerLibrary">
<var>${name}</var>
<doc>:example: 'John Doe'</doc>
<msg timestamp="20231027 17:28:59.907" level="INFO">${name} = David Ramos</msg>
<status status="PASS" starttime="20231027 17:28:59.907" endtime="20231027 17:28:59.907"/>
</kw>
<kw name="Phone Number" library="FakerLibrary">
<var>${phone}</var>
<msg timestamp="20231027 17:28:59.907" level="INFO">${phone} = 256-486-5407x74689</msg>
<status status="PASS" starttime="20231027 17:28:59.907" endtime="20231027 17:28:59.907"/>
</kw>
<kw name="Address" library="FakerLibrary">
<var>${address}</var>
<doc>:example: '791 Crist Parks, Sashabury, IL 86039-9874'</doc>
<msg timestamp="20231027 17:28:59.907" level="INFO">${address} = 0156 Erickson Prairie
Salazarberg, MO 56541</msg>
<status status="PASS" starttime="20231027 17:28:59.907" endtime="20231027 17:28:59.907"/>
</kw>
<kw name="Sleep" library="BuiltIn">
<arg>1sec</arg>
<doc>Pauses the test executed for the given time.</doc>
<msg timestamp="20231027 17:29:00.908" level="INFO">Slept 1 second</msg>
<status status="PASS" starttime="20231027 17:28:59.907" endtime="20231027 17:29:00.908"/>
</kw>
<kw name="check">
<arg>(//p[@class='ladi-headline'][contains(text(),'ទិញ​ឥឡូវនេះ')])[1]</arg>
<kw name="Click Element" library="SeleniumLibrary">
<arg>${check}</arg>
<doc>Click the element identified by ``locator``.</doc>
<msg timestamp="20231027 17:29:00.908" level="INFO">Clicking element '(//p[@class='ladi-headline'][contains(text(),'ទិញ​ឥឡូវនេះ')])[1]'.</msg>
<status status="PASS" starttime="20231027 17:29:00.908" endtime="20231027 17:29:03.048"/>
</kw>
<status status="PASS" starttime="20231027 17:29:00.908" endtime="20231027 17:29:03.048"/>
</kw>
<kw name="Sleep" library="BuiltIn">
<arg>1sec</arg>
<doc>Pauses the test executed for the given time.</doc>
<msg timestamp="20231027 17:29:04.048" level="INFO">Slept 1 second</msg>
<status status="PASS" starttime="20231027 17:29:03.048" endtime="20231027 17:29:04.048"/>
</kw>
<kw name="Fill_in">
<arg>(//input[@placeholder='នាមត្រកូល​និង​ឈ្មោះ'])[2]</arg>
<arg>${name}</arg>
<kw name="Input Text" library="SeleniumLibrary">
<arg>${txt_value}</arg>
<arg>${value}</arg>
<doc>Types the given ``text`` into the text field identified by ``locator``.</doc>
<msg timestamp="20231027 17:29:04.048" level="INFO">Typing text 'David Ramos' into text field '(//input[@placeholder='នាមត្រកូល​និង​ឈ្មោះ'])[2]'.</msg>
<status status="PASS" starttime="20231027 17:29:04.048" endtime="20231027 17:29:07.275"/>
</kw>
<status status="PASS" starttime="20231027 17:29:04.048" endtime="20231027 17:29:07.275"/>
</kw>
<kw name="Fill_in">
<arg>(//input[@placeholder='លេខទូរសព្ទ'])[2]</arg>
<arg>${phone}</arg>
<kw name="Input Text" library="SeleniumLibrary">
<arg>${txt_value}</arg>
<arg>${value}</arg>
<doc>Types the given ``text`` into the text field identified by ``locator``.</doc>
<msg timestamp="20231027 17:29:07.275" level="INFO">Typing text '256-486-5407x74689' into text field '(//input[@placeholder='លេខទូរសព្ទ'])[2]'.</msg>
<status status="PASS" starttime="20231027 17:29:07.275" endtime="20231027 17:29:10.485"/>
</kw>
<status status="PASS" starttime="20231027 17:29:07.275" endtime="20231027 17:29:10.485"/>
</kw>
<kw name="Fill_in">
<arg>(//input[@placeholder='អាស័យដ្ឋាន'])[2]</arg>
<arg>${address}</arg>
<kw name="Input Text" library="SeleniumLibrary">
<arg>${txt_value}</arg>
<arg>${value}</arg>
<doc>Types the given ``text`` into the text field identified by ``locator``.</doc>
<msg timestamp="20231027 17:29:10.488" level="INFO">Typing text '0156 Erickson Prairie
Salazarberg, MO 56541' into text field '(//input[@placeholder='អាស័យដ្ឋាន'])[2]'.</msg>
<status status="PASS" starttime="20231027 17:29:10.487" endtime="20231027 17:29:13.706"/>
</kw>
<status status="PASS" starttime="20231027 17:29:10.486" endtime="20231027 17:29:13.707"/>
</kw>
<kw name="check">
<arg>(//input[@name='ရေမွှေးပုလင်းအရေအတွက်'])[4]</arg>
<kw name="Click Element" library="SeleniumLibrary">
<arg>${check}</arg>
<doc>Click the element identified by ``locator``.</doc>
<msg timestamp="20231027 17:29:13.707" level="INFO">Clicking element '(//input[@name='ရေမွှေးပုလင်းအရေအတွက်'])[4]'.</msg>
<msg timestamp="20231027 17:29:16.196" level="INFO" html="true">&lt;/td&gt;&lt;/tr&gt;&lt;tr&gt;&lt;td colspan="3"&gt;&lt;a href="selenium-screenshot-1.png"&gt;&lt;img src="selenium-screenshot-1.png" width="800px"&gt;&lt;/a&gt;</msg>
<msg timestamp="20231027 17:29:16.196" level="FAIL">ElementNotInteractableException: Message: element not interactable
  (Session info: chrome=118.0.5993.118)
Stacktrace:
	GetHandleVerifier [0x00007FF67ED77862+54818]
	(No symbol) [0x00007FF67ECE6A92]
	(No symbol) [0x00007FF67EB9D8ED]
	(No symbol) [0x00007FF67EBDF8E5]
	(No symbol) [0x00007FF67EBD571F]
	(No symbol) [0x00007FF67EBFEAAA]
	(No symbol) [0x00007FF67EBD5036]
	(No symbol) [0x00007FF67EBFECC0]
	(No symbol) [0x00007FF67EC175A2]
	(No symbol) [0x00007FF67EBFE883]
	(No symbol) [0x00007FF67EBD3691]
	(No symbol) [0x00007FF67EBD48D4]
	GetHandleVerifier [0x00007FF67F0DB962+3610402]
	GetHandleVerifier [0x00007FF67F131830+3962352]
	GetHandleVerifier [0x00007FF67F129D1F+3930847]
	GetHandleVerifier [0x00007FF67EE13616+693206]
	(No symbol) [0x00007FF67ECF15F8]
	(No symbol) [0x00007FF67ECED904]
	(No symbol) [0x00007FF67ECEDA32]
	(No symbol) [0x00007FF67ECDE0E3]
	BaseThreadInitThunk [0x00007FFA39377344+20]
	RtlUserThreadStart [0x00007FFA3A9C26B1+33]
</msg>
<status status="FAIL" starttime="20231027 17:29:13.707" endtime="20231027 17:29:16.196"/>
</kw>
<status status="FAIL" starttime="20231027 17:29:13.707" endtime="20231027 17:29:16.207"/>
</kw>
<kw name="check">
<arg>(//input[@name='ရေမွှေးပုလင်းအရေအတွက်'])[5]</arg>
<status status="NOT RUN" starttime="20231027 17:29:16.207" endtime="20231027 17:29:16.207"/>
</kw>
<kw name="check">
<arg>(//input[@name='ရေမွှေးပုလင်းအရေအတွက်'])[6]</arg>
<status status="NOT RUN" starttime="20231027 17:29:16.207" endtime="20231027 17:29:16.207"/>
</kw>
<kw name="check">
<arg>(//select[@name='form_item67'])[2]</arg>
<status status="NOT RUN" starttime="20231027 17:29:16.207" endtime="20231027 17:29:16.207"/>
</kw>
<kw name="check">
<arg>(//option[@value='កូកូ'][contains(text(),'កូកូ')])[2]</arg>
<status status="NOT RUN" starttime="20231027 17:29:16.207" endtime="20231027 17:29:16.207"/>
</kw>
<kw name="Wait Until Element Is Visible" library="SeleniumLibrary">
<arg>(//span[normalize-space()='Alert'])[1]</arg>
<doc>Waits until the element ``locator`` is visible.</doc>
<status status="NOT RUN" starttime="20231027 17:29:16.207" endtime="20231027 17:29:16.207"/>
</kw>
<kw name="Sleep" library="BuiltIn">
<arg>1sec</arg>
<doc>Pauses the test executed for the given time.</doc>
<status status="NOT RUN" starttime="20231027 17:29:16.207" endtime="20231027 17:29:16.207"/>
</kw>
<kw name="Reload Page" library="SeleniumLibrary">
<doc>Simulates user reloading page.</doc>
<status status="NOT RUN" starttime="20231027 17:29:16.207" endtime="20231027 17:29:16.207"/>
</kw>
<kw name="Sleep" library="BuiltIn">
<arg>1sec</arg>
<doc>Pauses the test executed for the given time.</doc>
<status status="NOT RUN" starttime="20231027 17:29:16.207" endtime="20231027 17:29:16.207"/>
</kw>
<status status="FAIL" starttime="20231027 17:28:59.906" endtime="20231027 17:29:16.207"/>
</iter>
<status status="FAIL" starttime="20231027 17:28:59.906" endtime="20231027 17:29:16.207"/>
</while>
<status status="FAIL" starttime="20231027 17:28:52.448" endtime="20231027 17:29:16.207">ElementNotInteractableException: Message: element not interactable
  (Session info: chrome=118.0.5993.118)
Stacktrace:
	GetHandleVerifier [0x00007FF67ED77862+54818]
	(No symbol) [0x00007FF67ECE6A92]
	(No symbol) [0x00007FF67EB9D8ED]
	(No symbol) [0x00007FF67EBDF8E5]
	(No symbol) [0x00007FF67EBD571F]
	(No symbol) [0x00007FF67EBFEAAA]
	(No symbol) [0x00007FF67EBD5036]
	(No symbol) [0x00007FF67EBFECC0]
	(No symbol) [0x00007FF67EC175A2]
	(No symbol) [0x00007FF67EBFE883]
	(No symbol) [0x00007FF67EBD3691]
	(No symbol) [0x00007FF67EBD48D4]
	GetHandleVerifier [0x00007FF67F0DB962+3610402]
	GetHandleVerifier [0x00007FF67F131830+3962352]
	GetHandleVerifier [0x00007FF67F129D1F+3930847]
	GetHandleVerifier [0x00007FF67EE13616+693206]
	(No symbol) [0x00007FF67ECF15F8]
	(No symbol) [0x00007FF67ECED904]
	(No symbol) [0x00007FF67ECEDA32]
	(No symbol) [0x00007FF67ECDE0E3]
	BaseThreadInitThunk [0x00007FFA39377344+20]
	RtlUserThreadStart [0x00007FFA3A9C26B1+33]
</status>
</test>
<doc>Phone Charger</doc>
<status status="FAIL" starttime="20231027 17:28:51.745" endtime="20231027 17:29:16.224"/>
</suite>
<status status="FAIL" starttime="20231027 17:28:51.725" endtime="20231027 17:29:16.224"/>
</suite>
<statistics>
<total>
<stat pass="0" fail="1" skip="0">All Tasks</stat>
</total>
<tag>
</tag>
<suite>
<stat pass="0" fail="1" skip="0" id="s1" name="Tasks">Tasks</stat>
<stat pass="0" fail="1" skip="0" id="s1-s1" name="Milano">Tasks.Milano</stat>
</suite>
</statistics>
<errors>
<msg timestamp="20231027 17:28:53.570" level="WARN">The chromedriver version (117.0.5938.62) detected in PATH at C:\Users\AW-Tester\AppData\Local\Programs\Python\Python311\Scripts\chromedriver.exe might not be compatible with the detected chrome version (118.0.5993.118); currently, chromedriver 118.0.5993.70 is recommended for chrome 118.*, so it is advised to delete the driver in PATH and retry</msg>
<msg timestamp="20231027 17:29:16.206" level="ERROR">Calling method 'end_keyword' of listener 'RobotStackTracer' failed: UnicodeEncodeError: 'charmap' codec can't encode characters in position 695-715: character maps to &lt;undefined&gt;</msg>
<msg timestamp="20231027 17:29:16.207" level="ERROR">Calling method 'end_keyword' of listener 'RobotStackTracer' failed: UnicodeEncodeError: 'charmap' codec can't encode characters in position 695-715: character maps to &lt;undefined&gt;</msg>
</errors>
</robot>
